<?xml version="1.0" encoding="UTF-8"?>
<!-- Generated by org.testng.reporters.JUnitReportReporter -->
<testsuite hostname="DESKTOP-HGCOF9F" failures="0" tests="2" name="SanityTest.Login" time="0.010" errors="0" timestamp="2023-02-17T21:34:10 IST" skipped="0">
  <testcase classname="SanityTest.Login" name="varifyLoginWithEmail" time="0.002"/>
  <system-out/>
  <testcase classname="SanityTest.Login" name="varifyLoginWithMobile" time="0.008"/>
  <system-out/>
</testsuite> <!-- SanityTest.Login -->
