<?xml version="1.0" encoding="UTF-8"?>
<!-- Generated by org.testng.reporters.JUnitReportReporter -->
<testsuite hostname="DESKTOP-HGCOF9F" failures="0" tests="4" name="FunctionalTest.Payment" time="0.015" errors="0" timestamp="2023-02-17T21:34:10 IST" skipped="0">
  <testcase classname="FunctionalTest.Payment" name="varifyElectronicItemProductPayment" time="0.004"/>
  <system-out/>
  <testcase classname="FunctionalTest.Payment" name="varifyCreditCardPayment" time="0.004"/>
  <system-out/>
  <testcase classname="FunctionalTest.Payment" name="varifyDebitCardPayment" time="0.003"/>
  <system-out/>
  <testcase classname="FunctionalTest.Payment" name="varifyUPIPayment" time="0.004"/>
  <system-out/>
</testsuite> <!-- FunctionalTest.Payment -->
