<?xml version="1.0" encoding="UTF-8"?>
<!-- Generated by org.testng.reporters.JUnitReportReporter -->
<testsuite hostname="DESKTOP-HGCOF9F" failures="0" tests="3" name="SanityTest.HomePage" time="0.010" errors="0" timestamp="2023-02-17T21:34:10 IST" skipped="0">
  <testcase classname="SanityTest.HomePage" name="varifySearchButton" time="0.003"/>
  <system-out/>
  <testcase classname="SanityTest.HomePage" name="varifySignInButton" time="0.004"/>
  <system-out/>
  <testcase classname="SanityTest.HomePage" name="varifyItems" time="0.003"/>
  <system-out/>
</testsuite> <!-- SanityTest.HomePage -->
