<?xml version="1.0" encoding="UTF-8"?>
<!-- Generated by org.testng.reporters.JUnitReportReporter -->
<testsuite hostname="DESKTOP-HGCOF9F" failures="0" tests="4" name="FunctionalTest.Product" time="0.101" errors="0" timestamp="2023-02-17T21:34:10 IST" skipped="0">
  <testcase classname="FunctionalTest.Product" name="varifyGrocery" time="0.003"/>
  <system-out/>
  <testcase classname="FunctionalTest.Product" name="verifyKitchenApplience" time="0.003"/>
  <system-out/>
  <testcase classname="FunctionalTest.Product" name="verifyHomeDecore" time="0.003"/>
  <system-out/>
  <testcase classname="FunctionalTest.Product" name="varifyElectronicItems" time="0.092"/>
  <system-out/>
</testsuite> <!-- FunctionalTest.Product -->
