<?xml version="1.0" encoding="UTF-8"?>
<!-- Generated by org.testng.reporters.JUnitReportReporter -->
<testsuite hostname="DESKTOP-HGCOF9F" failures="0" tests="1" name="Day3.ForgetPassword" time="0.118" errors="0" timestamp="2023-02-03T20:23:10 IST" skipped="0">
  <testcase classname="Day3.ForgetPassword" name="ForgetPswwithId" time="0.118"/>
  <system-out/>
</testsuite> <!-- Day3.ForgetPassword -->
