<?xml version="1.0" encoding="UTF-8"?>
<!-- Generated by org.testng.reporters.JUnitReportReporter -->
<testsuite hostname="DESKTOP-HGCOF9F" failures="0" tests="1" name="Day2.Login" time="0.004" errors="0" timestamp="2023-02-03T20:23:10 IST" skipped="0">
  <testcase classname="Day2.Login" name="LoginWithId" time="0.004"/>
  <system-out/>
</testsuite> <!-- Day2.Login -->
